INFO [2023-06-04 11:44:41] $x
INFO [2023-06-04 11:44:41] list(set_final_six, set_final_twenty, set_final_forty, set_final_sixty)
INFO [2023-06-04 11:44:41] 
INFO [2023-06-04 11:44:41] $category.names
INFO [2023-06-04 11:44:41] c("6m", "20m", "40m", "60m")
INFO [2023-06-04 11:44:41] 
INFO [2023-06-04 11:44:41] $filename
INFO [2023-06-04 11:44:41] [1] "Depth_venn_diagramm.png"
INFO [2023-06-04 11:44:41] 
INFO [2023-06-04 11:44:41] $output
INFO [2023-06-04 11:44:41] [1] TRUE
INFO [2023-06-04 11:44:41] 
INFO [2023-06-04 11:44:41] $imagetype
INFO [2023-06-04 11:44:41] [1] "png"
INFO [2023-06-04 11:44:41] 
INFO [2023-06-04 11:44:41] $height
INFO [2023-06-04 11:44:41] [1] 480
INFO [2023-06-04 11:44:41] 
INFO [2023-06-04 11:44:41] $width
INFO [2023-06-04 11:44:41] [1] 480
INFO [2023-06-04 11:44:41] 
INFO [2023-06-04 11:44:41] $resolution
INFO [2023-06-04 11:44:41] [1] 300
INFO [2023-06-04 11:44:41] 
INFO [2023-06-04 11:44:41] $compression
INFO [2023-06-04 11:44:41] [1] "lzw"
INFO [2023-06-04 11:44:41] 
INFO [2023-06-04 11:44:41] $lwd
INFO [2023-06-04 11:44:41] [1] 2
INFO [2023-06-04 11:44:41] 
INFO [2023-06-04 11:44:41] $lty
INFO [2023-06-04 11:44:41] [1] "blank"
INFO [2023-06-04 11:44:41] 
INFO [2023-06-04 11:44:41] $fill
INFO [2023-06-04 11:44:41] myCol
INFO [2023-06-04 11:44:41] 
INFO [2023-06-04 11:44:41] $cex
INFO [2023-06-04 11:44:41] [1] 0.6
INFO [2023-06-04 11:44:41] 
INFO [2023-06-04 11:44:41] $fontface
INFO [2023-06-04 11:44:41] [1] "bold"
INFO [2023-06-04 11:44:41] 
INFO [2023-06-04 11:44:41] $fontfamily
INFO [2023-06-04 11:44:41] [1] "sans"
INFO [2023-06-04 11:44:41] 
INFO [2023-06-04 11:44:41] $cat.cex
INFO [2023-06-04 11:44:41] [1] 0.6
INFO [2023-06-04 11:44:41] 
INFO [2023-06-04 11:44:41] $cat.fontface
INFO [2023-06-04 11:44:41] [1] "bold"
INFO [2023-06-04 11:44:41] 
INFO [2023-06-04 11:44:41] $cat.default.pos
INFO [2023-06-04 11:44:41] [1] "outer"
INFO [2023-06-04 11:44:41] 
INFO [2023-06-04 11:44:41] $cat.pos
INFO [2023-06-04 11:44:41] c(-27, 27, -135, 135)
INFO [2023-06-04 11:44:41] 
INFO [2023-06-04 11:44:41] $cat.dist
INFO [2023-06-04 11:44:41] c(0.055, 0.055, 0.085, 0.085)
INFO [2023-06-04 11:44:41] 
INFO [2023-06-04 11:44:41] $cat.fontfamily
INFO [2023-06-04 11:44:41] [1] "sans"
INFO [2023-06-04 11:44:41] 
