INFO [2023-06-04 11:32:48] $x
INFO [2023-06-04 11:32:48] list(set_final_six, set_final_twenty, set_final_forty, set_final_sixty)
INFO [2023-06-04 11:32:48] 
INFO [2023-06-04 11:32:48] $category.names
INFO [2023-06-04 11:32:48] c("6m", "20m", "40m", "60m")
INFO [2023-06-04 11:32:48] 
INFO [2023-06-04 11:32:48] $filename
INFO [2023-06-04 11:32:48] [1] "Depth_venn.png"
INFO [2023-06-04 11:32:48] 
INFO [2023-06-04 11:32:48] $output
INFO [2023-06-04 11:32:48] [1] TRUE
INFO [2023-06-04 11:32:48] 
INFO [2023-06-04 11:32:48] $imagetype
INFO [2023-06-04 11:32:48] [1] "png"
INFO [2023-06-04 11:32:48] 
INFO [2023-06-04 11:32:48] $height
INFO [2023-06-04 11:32:48] [1] 480
INFO [2023-06-04 11:32:48] 
INFO [2023-06-04 11:32:48] $width
INFO [2023-06-04 11:32:48] [1] 480
INFO [2023-06-04 11:32:48] 
INFO [2023-06-04 11:32:48] $resolution
INFO [2023-06-04 11:32:48] [1] 300
INFO [2023-06-04 11:32:48] 
INFO [2023-06-04 11:32:48] $compression
INFO [2023-06-04 11:32:48] [1] "lzw"
INFO [2023-06-04 11:32:48] 
INFO [2023-06-04 11:32:48] $lwd
INFO [2023-06-04 11:32:48] [1] 1
INFO [2023-06-04 11:32:48] 
INFO [2023-06-04 11:32:48] $col
INFO [2023-06-04 11:32:48] c("#440154ff", "#21908dff", "#fde725ff", "green")
INFO [2023-06-04 11:32:48] 
INFO [2023-06-04 11:32:48] $fill
INFO [2023-06-04 11:32:48] c(alpha("#440154ff", 0.3), alpha("#21908dff", 0.3), alpha("#fde725ff", 
INFO [2023-06-04 11:32:48]     0.3), alpha("green", 0.3))
INFO [2023-06-04 11:32:48] 
INFO [2023-06-04 11:32:48] $cex
INFO [2023-06-04 11:32:48] [1] 0.5
INFO [2023-06-04 11:32:48] 
INFO [2023-06-04 11:32:48] $fontfamily
INFO [2023-06-04 11:32:48] [1] "sans"
INFO [2023-06-04 11:32:48] 
INFO [2023-06-04 11:32:48] $cat.cex
INFO [2023-06-04 11:32:48] [1] 0.3
INFO [2023-06-04 11:32:48] 
INFO [2023-06-04 11:32:48] $cat.default.pos
INFO [2023-06-04 11:32:48] [1] "outer"
INFO [2023-06-04 11:32:48] 
INFO [2023-06-04 11:32:48] $cat.pos
INFO [2023-06-04 11:32:48] c(-27, 27, -135, 135)
INFO [2023-06-04 11:32:48] 
INFO [2023-06-04 11:32:48] $cat.dist
INFO [2023-06-04 11:32:48] c(0.055, 0.055, 0.085, 0.085)
INFO [2023-06-04 11:32:48] 
INFO [2023-06-04 11:32:48] $cat.fontfamily
INFO [2023-06-04 11:32:48] [1] "sans"
INFO [2023-06-04 11:32:48] 
INFO [2023-06-04 11:32:48] $cat.col
INFO [2023-06-04 11:32:48] c("#440154ff", "#21908dff", "#fde725ff", "green")
INFO [2023-06-04 11:32:48] 
