INFO [2023-06-04 11:32:22] $x
INFO [2023-06-04 11:32:22] list(set_final_six, set_final_twenty, set_final_forty, set_final_sixty)
INFO [2023-06-04 11:32:22] 
INFO [2023-06-04 11:32:22] $category.names
INFO [2023-06-04 11:32:22] c("6m", "20m", "40m", "60m")
INFO [2023-06-04 11:32:22] 
INFO [2023-06-04 11:32:22] $filename
INFO [2023-06-04 11:32:22] [1] "Depth_venn.png"
INFO [2023-06-04 11:32:22] 
INFO [2023-06-04 11:32:22] $output
INFO [2023-06-04 11:32:22] [1] TRUE
INFO [2023-06-04 11:32:22] 
INFO [2023-06-04 11:32:22] $imagetype
INFO [2023-06-04 11:32:22] [1] "png"
INFO [2023-06-04 11:32:22] 
INFO [2023-06-04 11:32:22] $height
INFO [2023-06-04 11:32:22] [1] 480
INFO [2023-06-04 11:32:22] 
INFO [2023-06-04 11:32:22] $width
INFO [2023-06-04 11:32:22] [1] 480
INFO [2023-06-04 11:32:22] 
INFO [2023-06-04 11:32:22] $resolution
INFO [2023-06-04 11:32:22] [1] 300
INFO [2023-06-04 11:32:22] 
INFO [2023-06-04 11:32:22] $compression
INFO [2023-06-04 11:32:22] [1] "lzw"
INFO [2023-06-04 11:32:22] 
INFO [2023-06-04 11:32:22] $lwd
INFO [2023-06-04 11:32:22] [1] 1
INFO [2023-06-04 11:32:22] 
INFO [2023-06-04 11:32:22] $col
INFO [2023-06-04 11:32:22] c("#440154ff", "#21908dff", "#fde725ff", "green")
INFO [2023-06-04 11:32:22] 
INFO [2023-06-04 11:32:22] $fill
INFO [2023-06-04 11:32:22] c(alpha("#440154ff", 0.3), alpha("#21908dff", 0.3), alpha("#fde725ff", 
INFO [2023-06-04 11:32:22]     0.3), alpha("green", 0.3))
INFO [2023-06-04 11:32:22] 
INFO [2023-06-04 11:32:22] $cex
INFO [2023-06-04 11:32:22] [1] 0.5
INFO [2023-06-04 11:32:22] 
INFO [2023-06-04 11:32:22] $fontfamily
INFO [2023-06-04 11:32:22] [1] "sans"
INFO [2023-06-04 11:32:22] 
