INFO [2023-06-04 11:45:04] $x
INFO [2023-06-04 11:45:04] list(set_final_six, set_final_twenty, set_final_forty, set_final_sixty)
INFO [2023-06-04 11:45:04] 
INFO [2023-06-04 11:45:04] $category.names
INFO [2023-06-04 11:45:04] c("6m", "20m", "40m", "60m")
INFO [2023-06-04 11:45:04] 
INFO [2023-06-04 11:45:04] $filename
INFO [2023-06-04 11:45:04] [1] "Pocillopora_Depth_venn.png"
INFO [2023-06-04 11:45:04] 
INFO [2023-06-04 11:45:04] $output
INFO [2023-06-04 11:45:04] [1] TRUE
INFO [2023-06-04 11:45:04] 
INFO [2023-06-04 11:45:04] $imagetype
INFO [2023-06-04 11:45:04] [1] "png"
INFO [2023-06-04 11:45:04] 
INFO [2023-06-04 11:45:04] $height
INFO [2023-06-04 11:45:04] [1] 480
INFO [2023-06-04 11:45:04] 
INFO [2023-06-04 11:45:04] $width
INFO [2023-06-04 11:45:04] [1] 480
INFO [2023-06-04 11:45:04] 
INFO [2023-06-04 11:45:04] $resolution
INFO [2023-06-04 11:45:04] [1] 300
INFO [2023-06-04 11:45:04] 
INFO [2023-06-04 11:45:04] $compression
INFO [2023-06-04 11:45:04] [1] "lzw"
INFO [2023-06-04 11:45:04] 
INFO [2023-06-04 11:45:04] $lwd
INFO [2023-06-04 11:45:04] [1] 1
INFO [2023-06-04 11:45:04] 
INFO [2023-06-04 11:45:04] $col
INFO [2023-06-04 11:45:04] c("#BDD7E7", "#6BAED6", "#3182BD", "#08519C")
INFO [2023-06-04 11:45:04] 
INFO [2023-06-04 11:45:04] $fill
INFO [2023-06-04 11:45:04] c(alpha("#BDD7E7", 0.3), alpha("#6BAED6", 0.3), alpha("#3182BD", 
INFO [2023-06-04 11:45:04]     0.3), alpha("#08519C", 0.3))
INFO [2023-06-04 11:45:04] 
INFO [2023-06-04 11:45:04] $cex
INFO [2023-06-04 11:45:04] [1] 0.5
INFO [2023-06-04 11:45:04] 
INFO [2023-06-04 11:45:04] $fontfamily
INFO [2023-06-04 11:45:04] [1] "sans"
INFO [2023-06-04 11:45:04] 
INFO [2023-06-04 11:45:04] $cat.cex
INFO [2023-06-04 11:45:04] [1] 0.3
INFO [2023-06-04 11:45:04] 
INFO [2023-06-04 11:45:04] $cat.default.pos
INFO [2023-06-04 11:45:04] [1] "outer"
INFO [2023-06-04 11:45:04] 
INFO [2023-06-04 11:45:04] $cat.pos
INFO [2023-06-04 11:45:04] c(-27, 27, -135, 135)
INFO [2023-06-04 11:45:04] 
INFO [2023-06-04 11:45:04] $cat.dist
INFO [2023-06-04 11:45:04] c(0.055, 0.055, 0.085, 0.085)
INFO [2023-06-04 11:45:04] 
INFO [2023-06-04 11:45:04] $cat.fontfamily
INFO [2023-06-04 11:45:04] [1] "sans"
INFO [2023-06-04 11:45:04] 
INFO [2023-06-04 11:45:04] $cat.col
INFO [2023-06-04 11:45:04] c("#BDD7E7", "#6BAED6", "#3182BD", "#08519C")
INFO [2023-06-04 11:45:04] 
